<?xml version="1.0" encoding="UTF-8"?>
<!-- Generated by org.testng.reporters.JUnitReportReporter -->
<testsuite hostname="mohan" name="com.TestScripts.login.TestLogin" tests="1" failures="0" timestamp="14 May 2017 09:43:54 GMT" time="1.694" errors="0">
  <testcase name="testLogin" time="1.694" classname="com.TestScripts.login.TestLogin"/>
</testsuite> <!-- com.TestScripts.login.TestLogin -->
