<?xml version="1.0" encoding="UTF-8"?>
<!-- Generated by org.testng.reporters.JUnitReportReporter -->
<testsuite hostname="mohan" name="com.TestScripts.login.TestLogin1" tests="1" failures="0" timestamp="14 May 2017 09:46:58 GMT" time="0.972" errors="0">
  <testcase name="testLogin1" time="0.972" classname="com.TestScripts.login.TestLogin1"/>
</testsuite> <!-- com.TestScripts.login.TestLogin1 -->
